{
  "RSpec": {
    "coverage": {
      "/Users/simonjacobs/Programming/Todo_List/spec/feature_tests/signing_up_spec.rb": {
        "lines": [
          1,
          1,
          1,
          1,
          1,
          1,
          1,
          1,
          1,
          1,
          1,
          null,
          null
        ]
      },
      "/Users/simonjacobs/Programming/Todo_List/spec/unit_tests/user_spec.rb": {
        "lines": [
          1,
          null,
          1,
          1,
          1,
          1,
          1,
          1,
          1,
          null,
          null,
          null
        ]
      }
    },
    "timestamp": 1646668113
  }
}
